d:\dai hoc\2023-2024 hk1\c++\final\backup1\x64\debug\vc143.pdb
d:\dai hoc\2023-2024 hk1\c++\final\backup1\x64\debug\vc143.idb
d:\dai hoc\2023-2024 hk1\c++\final\backup1\x64\debug\state_management.obj
d:\dai hoc\2023-2024 hk1\c++\final\backup1\x64\debug\snake.obj
d:\dai hoc\2023-2024 hk1\c++\final\backup1\x64\debug\pausegame.obj
d:\dai hoc\2023-2024 hk1\c++\final\backup1\x64\debug\main_menu.obj
d:\dai hoc\2023-2024 hk1\c++\final\backup1\x64\debug\main.obj
d:\dai hoc\2023-2024 hk1\c++\final\backup1\x64\debug\gameplay.obj
d:\dai hoc\2023-2024 hk1\c++\final\backup1\x64\debug\gameover.obj
d:\dai hoc\2023-2024 hk1\c++\final\backup1\x64\debug\game.obj
d:\dai hoc\2023-2024 hk1\c++\final\backup1\x64\debug\asset_manegement.obj
d:\dai hoc\2023-2024 hk1\c++\final\backup1\x64\debug\final_project.exe
d:\dai hoc\2023-2024 hk1\c++\final\backup1\x64\debug\final_project.ilk
d:\dai hoc\2023-2024 hk1\c++\final\backup1\x64\debug\final_project.pdb
d:\dai hoc\2023-2024 hk1\c++\final\backup1\x64\debug\final_project.tlog\cl.command.1.tlog
d:\dai hoc\2023-2024 hk1\c++\final\backup1\x64\debug\final_project.tlog\cl.items.tlog
d:\dai hoc\2023-2024 hk1\c++\final\backup1\x64\debug\final_project.tlog\cl.read.1.tlog
d:\dai hoc\2023-2024 hk1\c++\final\backup1\x64\debug\final_project.tlog\cl.write.1.tlog
d:\dai hoc\2023-2024 hk1\c++\final\backup1\x64\debug\final_project.tlog\link.command.1.tlog
d:\dai hoc\2023-2024 hk1\c++\final\backup1\x64\debug\final_project.tlog\link.read.1.tlog
d:\dai hoc\2023-2024 hk1\c++\final\backup1\x64\debug\final_project.tlog\link.write.1.tlog
